CREATE USER SA PASSWORD "" ADMIN
/*C1*/SET SCHEMA PUBLIC
CONNECT USER SA
DISCONNECT
/*C2*/SET SCHEMA PUBLIC
CONNECT USER SA
/*C3*/SET SCHEMA PUBLIC
CONNECT USER SA
/*C4*/SET SCHEMA PUBLIC
CONNECT USER SA
/*C2*/create table Booking (id bigint generated by default as identity (start with 1), beds integer not null, checkinDate date, checkoutDate date, creditCard varchar(255), creditCardExpiryMonth integer not null, creditCardExpiryYear integer not null, creditCardName varchar(255), smoking bit not null, flight_id bigint, user_id bigint, primary key (id))
create table Customer (id bigint generated by default as identity (start with 1), name varchar(255), password varchar(255), username varchar(255), primary key (id))
create table Flight (id bigint generated by default as identity (start with 1), address varchar(255), city varchar(255), country varchar(255), name varchar(255), price numeric, state varchar(255), zip varchar(255), primary key (id))
alter table Booking add constraint FK6713A03947140EFE foreign key (user_id) references Customer
alter table Booking add constraint FK6713A039F27F57DE foreign key (flight_id) references Flight
SET AUTOCOMMIT FALSE
INSERT INTO CUSTOMER VALUES(1,'Guillaume Bort','foobar','guillaume')
INSERT INTO CUSTOMER VALUES(2,'Demo User','demo','demo')
ROLLBACK
SET AUTOCOMMIT TRUE
SET AUTOCOMMIT FALSE
SET AUTOCOMMIT TRUE
